<?xml version="1.0" encoding="UTF-8"?>
<!-- Generated by org.testng.reporters.JUnitReportReporter -->
<testsuite hostname="ARG-LT-220418F" failures="0" tests="1" name="com.unosquare.dddd" time="4.399" errors="0" timestamp="2022-05-04T08:38:02 CDT" skipped="0">
  <testcase classname="com.unosquare.dddd" name="retrieveSpecificResource" time="4.399"/>
  <system-out/>
</testsuite> <!-- com.unosquare.dddd -->
