<?xml version="1.0" encoding="UTF-8"?>
<!-- Generated by org.testng.reporters.JUnitReportReporter -->
<testsuite hostname="ARG-LT-220418F" failures="0" tests="1" name="finalpullrequest.FinalPullRequest" time="10.175" errors="0" timestamp="2022-05-12T07:44:51 CDT" skipped="0">
  <testcase classname="finalpullrequest.FinalPullRequest" name="MainTests" time="10.175"/>
  <system-out>
    <![CDATA[Success 200 validation GetListUsers
Success 200 validation GetSingleUser
Success 200 validation GetListResource
Success 200 validation GetSingleResource
200 OK PostCreateUser
200 OK PostRegisterSuccess
200 OK PostLoginSuccess
400 Missing password PostLoginUnsuccessful
200 OK PutUpdateUser]]>
  </system-out>
</testsuite> <!-- finalpullrequest.FinalPullRequest -->
