<?xml version="1.0" encoding="UTF-8"?>
<!-- Generated by org.testng.reporters.JUnitReportReporter -->
<testsuite hostname="ARG-LT-220418F" failures="0" tests="1" name="com.unosquare.FirstAPITest" time="2.396" errors="0" timestamp="2022-05-08T19:55:08 CDT" skipped="0">
  <testcase classname="com.unosquare.FirstAPITest" name="f" time="2.396"/>
  <system-out>
    <![CDATA[Success 200 validation
{"data":{"id":2,"email":"janet.weaver@reqres.in","first_name":"Janet","last_name":"Weaver","avatar":"https://reqres.in/img/faces/2-image.jpg"},"support":{"url":"https://reqres.in/#support-heading","text":"To keep ReqRes free, contributions towards server costs are appreciated!"}}]]>
  </system-out>
</testsuite> <!-- com.unosquare.FirstAPITest -->
