<?xml version="1.0" encoding="UTF-8"?>
<!-- Generated by org.testng.reporters.JUnitReportReporter -->
<testsuite hostname="ARG-LT-220418F" failures="0" tests="1" name="com.unosquare.Unknown" time="4.531" errors="0" timestamp="2022-05-04T09:34:29 CDT" skipped="0">
  <testcase classname="com.unosquare.Unknown" name="main" time="4.531"/>
  <system-out>
    <![CDATA[Success 200 validation
{"data":{"id":2,"name":"fuchsia rose","year":2001,"color":"#C74375","pantone_value":"17-2031"},"support":{"url":"https://reqres.in/#support-heading","text":"To keep ReqRes free, contributions towards server costs are appreciated!"}}]]>
  </system-out>
</testsuite> <!-- com.unosquare.Unknown -->
