<?xml version="1.0" encoding="UTF-8"?>
<!-- Generated by org.testng.reporters.JUnitReportReporter -->
<testsuite hostname="ARG-LT-220418F" failures="0" tests="1" name="com.unosquare.FirstPost" time="3.881" errors="0" timestamp="2022-05-09T10:59:20 CDT" skipped="0">
  <testcase classname="com.unosquare.FirstPost" name="main" time="3.881"/>
  <system-out/>
</testsuite> <!-- com.unosquare.FirstPost -->
