<?xml version="1.0" encoding="UTF-8"?>
<!-- Generated by org.testng.reporters.JUnitReportReporter -->
<testsuite hostname="ARG-LT-220418F" failures="0" tests="1" name="com.unosquare.Encapsulation" time="3.896" errors="0" timestamp="2022-05-11T14:09:40 CDT" skipped="0">
  <testcase classname="com.unosquare.Encapsulation" name="PostLogin" time="3.896"/>
  <system-out>
    <![CDATA[200 OK]]>
  </system-out>
</testsuite> <!-- com.unosquare.Encapsulation -->
